TN:
SF:/home/m2eserv/debaque/Documents/WEBAVANCE/JS/projetOTI/src/conversion.js
FN:72,verifSourceCible
FN:81,Conversion
FN:89,(anonymous_3)
FN:93,(anonymous_4)
FN:112,(anonymous_5)
FN:130,(anonymous_6)
FN:146,Creneau
FNF:7
FNH:6
FNDA:4,verifSourceCible
FNDA:5,Conversion
FNDA:0,(anonymous_3)
FNDA:4,(anonymous_4)
FNDA:3,(anonymous_5)
FNDA:31,(anonymous_6)
FNDA:4,Creneau
DA:72,1
DA:73,4
DA:74,1
DA:76,3
DA:77,1
DA:81,1
DA:82,5
DA:83,5
DA:84,5
DA:85,5
DA:89,1
DA:90,0
DA:93,1
DA:95,4
DA:96,4
DA:98,2
DA:101,4
DA:102,3
DA:104,4
DA:105,3
DA:108,4
DA:112,1
DA:113,3
DA:114,3
DA:116,3
DA:117,3
DA:118,3
DA:119,3
DA:120,27
DA:124,3
DA:125,3
DA:130,1
DA:131,31
DA:132,28
DA:133,28
DA:134,4
DA:135,24
DA:136,4
DA:137,20
DA:138,4
DA:139,16
DA:140,4
DA:146,1
DA:147,4
DA:148,4
DA:149,4
DA:150,4
LF:47
LH:46
BRDA:73,1,0,1
BRDA:73,1,1,3
BRDA:76,2,0,1
BRDA:76,2,1,2
BRDA:101,3,0,3
BRDA:101,3,1,1
BRDA:104,4,0,3
BRDA:104,4,1,1
BRDA:131,5,0,28
BRDA:131,5,1,3
BRDA:133,6,0,4
BRDA:133,6,1,24
BRDA:135,7,0,4
BRDA:135,7,1,20
BRDA:137,8,0,4
BRDA:137,8,1,16
BRDA:139,9,0,4
BRDA:139,9,1,12
BRF:18
BRH:18
end_of_record
TN:
SF:/home/m2eserv/debaque/Documents/WEBAVANCE/JS/projetOTI/src/conversion_exc.js
FN:1,CibleNotExistExc
FN:5,(anonymous_2)
FN:9,SourceNotExistExc
FN:12,(anonymous_4)
FNF:4
FNH:4
FNDA:1,CibleNotExistExc
FNDA:1,(anonymous_2)
FNDA:1,SourceNotExistExc
FNDA:1,(anonymous_4)
DA:1,1
DA:5,1
DA:6,1
DA:9,1
DA:12,1
DA:13,1
LF:6
LH:6
BRF:0
BRH:0
end_of_record
